<?xml version="1.0" encoding="UTF-8"?>
<!-- Generated by org.testng.reporters.JUnitXMLReporter -->
<testsuite hostname="DESKTOP-NCIGGQO" ignored="0" name="TestNG Features" tests="8" failures="2" timestamp="2021-01-05T10:34:52 IST" time="0.098" errors="0">
  <testcase name="test1" time="0.011" classname="retryscript.TestngRetryScript">
    <skipped/>
  </testcase> <!-- test1 -->
  <testcase name="test1" time="0.001" classname="retryscript.TestngRetryScript">
    <skipped/>
  </testcase> <!-- test1 -->
  <testcase name="test1" time="0.001" classname="retryscript.TestngRetryScript">
    <skipped/>
  </testcase> <!-- test1 -->
  <testcase name="test1" time="0.001" classname="retryscript.TestngRetryScript">
    <failure type="java.lang.AssertionError">
      <![CDATA[java.lang.AssertionError
at org.junit.Assert.fail(Assert.java:86)
at org.junit.Assert.assertTrue(Assert.java:41)
at org.junit.Assert.assertTrue(Assert.java:52)
at retryscript.TestngRetryScript.test1(TestngRetryScript.java:12)
at java.util.ArrayList.forEach(ArrayList.java:1249)
... Removed 27 stack frames]]>
    </failure>
  </testcase> <!-- test1 -->
  <testcase name="test2" time="0.001" classname="retryscript.TestngRetryScript">
    <skipped/>
  </testcase> <!-- test2 -->
  <testcase name="test2" time="0.002" classname="retryscript.TestngRetryScript">
    <skipped/>
  </testcase> <!-- test2 -->
  <testcase name="test2" time="0.002" classname="retryscript.TestngRetryScript">
    <skipped/>
  </testcase> <!-- test2 -->
  <testcase name="test2" time="0.014" classname="retryscript.TestngRetryScript">
    <failure type="java.lang.AssertionError">
      <![CDATA[java.lang.AssertionError
at org.junit.Assert.fail(Assert.java:86)
at org.junit.Assert.assertTrue(Assert.java:41)
at org.junit.Assert.assertTrue(Assert.java:52)
at retryscript.TestngRetryScript.test2(TestngRetryScript.java:18)
at java.util.ArrayList.forEach(ArrayList.java:1249)
... Removed 27 stack frames]]>
    </failure>
  </testcase> <!-- test2 -->
</testsuite> <!-- TestNG Features -->
